This file contains any messages produced by compilers while
running configure, to aid debugging if configure makes a mistake.

It was created by gander configure 0.0.4, which was
generated by GNU Autoconf 2.68.  Invocation command line was

  $ ./configure --with-boost=/home/gander --enable-debug=yes

## --------- ##
## Platform. ##
## --------- ##

hostname = agander.localdomain
uname -m = x86_64
uname -r = 3.4.6-1.fc16.x86_64
uname -s = Linux
uname -v = #1 SMP Fri Jul 20 12:58:04 UTC 2012

/usr/bin/uname -p = unknown
/bin/uname -X     = unknown

/bin/arch              = x86_64
/usr/bin/arch -k       = unknown
/usr/convex/getsysinfo = unknown
/usr/bin/hostinfo      = unknown
/bin/machine           = unknown
/usr/bin/oslevel       = unknown
/bin/universe          = unknown

PATH: /home/gander/bin
PATH: /home/gander/.local/bin
PATH: /usr/lib64/qt-3.3/bin
PATH: /usr/lib64/ccache
PATH: /usr/local/bin
PATH: /usr/bin
PATH: /bin
PATH: /usr/local/sbin
PATH: /usr/sbin
PATH: /sbin
PATH: /usr/lib64/openmpi/bin
PATH: /usr/lib64/openmpi/bin
PATH: /usr/lib64/openmpi/bin


## ----------- ##
## Core tests. ##
## ----------- ##

configure:2471: checking for a BSD-compatible install
configure:2539: result: /usr/bin/install -c
configure:2550: checking whether build environment is sane
configure:2600: result: yes
configure:2741: checking for a thread-safe mkdir -p
configure:2780: result: /bin/mkdir -p
configure:2793: checking for gawk
configure:2809: found /usr/bin/gawk
configure:2820: result: gawk
configure:2831: checking whether make sets $(MAKE)
configure:2853: result: yes
configure:2938: checking whether to enable maintainer-specific portions of Makefiles
configure:2947: result: no
configure:3021: checking for g++
configure:3037: found /usr/lib64/ccache/g++
configure:3048: result: g++
configure:3075: checking for C++ compiler version
configure:3084: g++ --version >&5
g++ (GCC) 4.6.3 20120306 (Red Hat 4.6.3-2)
Copyright (C) 2011 Free Software Foundation, Inc.
This is free software; see the source for copying conditions.  There is NO
warranty; not even for MERCHANTABILITY or FITNESS FOR A PARTICULAR PURPOSE.

configure:3095: $? = 0
configure:3084: g++ -v >&5
Using built-in specs.
COLLECT_GCC=/usr/bin/g++
COLLECT_LTO_WRAPPER=/usr/libexec/gcc/x86_64-redhat-linux/4.6.3/lto-wrapper
Target: x86_64-redhat-linux
Configured with: ../configure --prefix=/usr --mandir=/usr/share/man --infodir=/usr/share/info --with-bugurl=http://bugzilla.redhat.com/bugzilla --enable-bootstrap --enable-shared --enable-threads=posix --enable-checking=release --with-system-zlib --enable-__cxa_atexit --disable-libunwind-exceptions --enable-gnu-unique-object --enable-linker-build-id --enable-languages=c,c++,objc,obj-c++,java,fortran,ada,go,lto --enable-plugin --enable-java-awt=gtk --disable-dssi --with-java-home=/usr/lib/jvm/java-1.5.0-gcj-1.5.0.0/jre --enable-libgcj-multifile --enable-java-maintainer-mode --with-ecj-jar=/usr/share/java/eclipse-ecj.jar --disable-libjava-multilib --with-ppl --with-cloog --with-tune=generic --with-arch_32=i686 --build=x86_64-redhat-linux
Thread model: posix
gcc version 4.6.3 20120306 (Red Hat 4.6.3-2) (GCC) 
configure:3095: $? = 0
configure:3084: g++ -V >&5
g++: error: unrecognized option '-V'
g++: fatal error: no input files
compilation terminated.
configure:3095: $? = 4
configure:3084: g++ -qversion >&5
g++: error: unrecognized option '-qversion'
g++: fatal error: no input files
compilation terminated.
configure:3095: $? = 4
configure:3115: checking whether the C++ compiler works
configure:3137: g++    conftest.cpp  >&5
configure:3141: $? = 0
configure:3189: result: yes
configure:3192: checking for C++ compiler default output file name
configure:3194: result: a.out
configure:3200: checking for suffix of executables
configure:3207: g++ -o conftest    conftest.cpp  >&5
configure:3211: $? = 0
configure:3233: result: 
configure:3255: checking whether we are cross compiling
configure:3263: g++ -o conftest    conftest.cpp  >&5
configure:3267: $? = 0
configure:3274: ./conftest
configure:3278: $? = 0
configure:3293: result: no
configure:3298: checking for suffix of object files
configure:3320: g++ -c   conftest.cpp >&5
configure:3324: $? = 0
configure:3345: result: o
configure:3349: checking whether we are using the GNU C++ compiler
configure:3368: g++ -c   conftest.cpp >&5
configure:3368: $? = 0
configure:3377: result: yes
configure:3386: checking whether g++ accepts -g
configure:3406: g++ -c -g  conftest.cpp >&5
configure:3406: $? = 0
configure:3447: result: yes
configure:3481: checking for style of include used by make
configure:3509: result: GNU
configure:3534: checking dependency style of g++
configure:3644: result: gcc3
configure:3707: checking for gcc
configure:3723: found /usr/lib64/ccache/gcc
configure:3734: result: gcc
configure:3963: checking for C compiler version
configure:3972: gcc --version >&5
gcc (GCC) 4.6.3 20120306 (Red Hat 4.6.3-2)
Copyright (C) 2011 Free Software Foundation, Inc.
This is free software; see the source for copying conditions.  There is NO
warranty; not even for MERCHANTABILITY or FITNESS FOR A PARTICULAR PURPOSE.

configure:3983: $? = 0
configure:3972: gcc -v >&5
Using built-in specs.
COLLECT_GCC=/usr/bin/gcc
COLLECT_LTO_WRAPPER=/usr/libexec/gcc/x86_64-redhat-linux/4.6.3/lto-wrapper
Target: x86_64-redhat-linux
Configured with: ../configure --prefix=/usr --mandir=/usr/share/man --infodir=/usr/share/info --with-bugurl=http://bugzilla.redhat.com/bugzilla --enable-bootstrap --enable-shared --enable-threads=posix --enable-checking=release --with-system-zlib --enable-__cxa_atexit --disable-libunwind-exceptions --enable-gnu-unique-object --enable-linker-build-id --enable-languages=c,c++,objc,obj-c++,java,fortran,ada,go,lto --enable-plugin --enable-java-awt=gtk --disable-dssi --with-java-home=/usr/lib/jvm/java-1.5.0-gcj-1.5.0.0/jre --enable-libgcj-multifile --enable-java-maintainer-mode --with-ecj-jar=/usr/share/java/eclipse-ecj.jar --disable-libjava-multilib --with-ppl --with-cloog --with-tune=generic --with-arch_32=i686 --build=x86_64-redhat-linux
Thread model: posix
gcc version 4.6.3 20120306 (Red Hat 4.6.3-2) (GCC) 
configure:3983: $? = 0
configure:3972: gcc -V >&5
gcc: error: unrecognized option '-V'
gcc: fatal error: no input files
compilation terminated.
configure:3983: $? = 4
configure:3972: gcc -qversion >&5
gcc: error: unrecognized option '-qversion'
gcc: fatal error: no input files
compilation terminated.
configure:3983: $? = 4
configure:3987: checking whether we are using the GNU C compiler
configure:4006: gcc -c   conftest.c >&5
configure:4006: $? = 0
configure:4015: result: yes
configure:4024: checking whether gcc accepts -g
configure:4044: gcc -c -g  conftest.c >&5
configure:4044: $? = 0
configure:4085: result: yes
configure:4102: checking for gcc option to accept ISO C89
configure:4166: gcc  -c -g -O2  conftest.c >&5
configure:4166: $? = 0
configure:4179: result: none needed
configure:4201: checking dependency style of gcc
configure:4311: result: gcc3
configure:4387: checking build system type
configure:4401: result: x86_64-unknown-linux-gnu
configure:4421: checking host system type
configure:4434: result: x86_64-unknown-linux-gnu
configure:4475: checking how to print strings
configure:4502: result: printf
configure:4523: checking for a sed that does not truncate output
configure:4587: result: /bin/sed
configure:4605: checking for grep that handles long lines and -e
configure:4663: result: /bin/grep
configure:4668: checking for egrep
configure:4730: result: /bin/grep -E
configure:4735: checking for fgrep
configure:4797: result: /bin/grep -F
configure:4832: checking for ld used by gcc
configure:4899: result: /usr/bin/ld
configure:4906: checking if the linker (/usr/bin/ld) is GNU ld
configure:4921: result: yes
configure:4933: checking for BSD- or MS-compatible name lister (nm)
configure:4982: result: /usr/bin/nm -B
configure:5112: checking the name lister (/usr/bin/nm -B) interface
configure:5119: gcc -c -g -O2  conftest.c >&5
configure:5122: /usr/bin/nm -B "conftest.o"
configure:5125: output
0000000000000000 B some_variable
configure:5132: result: BSD nm
configure:5135: checking whether ln -s works
configure:5139: result: yes
configure:5147: checking the maximum length of command line arguments
configure:5272: result: 1572864
configure:5289: checking whether the shell understands some XSI constructs
configure:5299: result: yes
configure:5303: checking whether the shell understands "+="
configure:5309: result: yes
configure:5344: checking how to convert x86_64-unknown-linux-gnu file names to x86_64-unknown-linux-gnu format
configure:5384: result: func_convert_file_noop
configure:5391: checking how to convert x86_64-unknown-linux-gnu file names to toolchain format
configure:5411: result: func_convert_file_noop
configure:5418: checking for /usr/bin/ld option to reload object files
configure:5425: result: -r
configure:5499: checking for objdump
configure:5515: found /usr/bin/objdump
configure:5526: result: objdump
configure:5558: checking how to recognize dependent libraries
configure:5760: result: pass_all
configure:5845: checking for dlltool
configure:5875: result: no
configure:5905: checking how to associate runtime and link libraries
configure:5932: result: printf %s\n
configure:5993: checking for ar
configure:6009: found /usr/bin/ar
configure:6020: result: ar
configure:6057: checking for archiver @FILE support
configure:6074: gcc -c -g -O2  conftest.c >&5
configure:6074: $? = 0
configure:6077: ar cru libconftest.a @conftest.lst >&5
configure:6080: $? = 0
configure:6085: ar cru libconftest.a @conftest.lst >&5
ar: conftest.o: No such file or directory
configure:6088: $? = 1
configure:6100: result: @
configure:6158: checking for strip
configure:6174: found /usr/bin/strip
configure:6185: result: strip
configure:6257: checking for ranlib
configure:6273: found /usr/bin/ranlib
configure:6284: result: ranlib
configure:6386: checking command to parse /usr/bin/nm -B output from gcc object
configure:6505: gcc -c -g -O2  conftest.c >&5
configure:6508: $? = 0
configure:6512: /usr/bin/nm -B conftest.o \| sed -n -e 's/^.*[ ]\([ABCDGIRSTW][ABCDGIRSTW]*\)[ ][ ]*\([_A-Za-z][_A-Za-z0-9]*\)$/\1 \2 \2/p' | sed '/ __gnu_lto/d' \> conftest.nm
configure:6515: $? = 0
configure:6581: gcc -o conftest -g -O2   conftest.c conftstm.o >&5
configure:6584: $? = 0
configure:6622: result: ok
configure:6659: checking for sysroot
configure:6689: result: no
configure:6766: gcc -c -g -O2  conftest.c >&5
configure:6769: $? = 0
configure:6932: checking for mt
configure:6962: result: no
configure:6982: checking if : is a manifest tool
configure:6988: : '-?'
configure:6996: result: no
configure:7628: checking how to run the C preprocessor
configure:7659: gcc -E  conftest.c
configure:7659: $? = 0
configure:7673: gcc -E  conftest.c
conftest.c:11:28: fatal error: ac_nonexistent.h: No such file or directory
compilation terminated.
configure:7673: $? = 1
configure: failed program was:
| /* confdefs.h */
| #define PACKAGE_NAME "gander"
| #define PACKAGE_TARNAME "gander"
| #define PACKAGE_VERSION "0.0.4"
| #define PACKAGE_STRING "gander 0.0.4"
| #define PACKAGE_BUGREPORT "agander@gmail.com"
| #define PACKAGE_URL ""
| #define PACKAGE "gander"
| #define VERSION "0.0.4"
| /* end confdefs.h.  */
| #include <ac_nonexistent.h>
configure:7698: result: gcc -E
configure:7718: gcc -E  conftest.c
configure:7718: $? = 0
configure:7732: gcc -E  conftest.c
conftest.c:11:28: fatal error: ac_nonexistent.h: No such file or directory
compilation terminated.
configure:7732: $? = 1
configure: failed program was:
| /* confdefs.h */
| #define PACKAGE_NAME "gander"
| #define PACKAGE_TARNAME "gander"
| #define PACKAGE_VERSION "0.0.4"
| #define PACKAGE_STRING "gander 0.0.4"
| #define PACKAGE_BUGREPORT "agander@gmail.com"
| #define PACKAGE_URL ""
| #define PACKAGE "gander"
| #define VERSION "0.0.4"
| /* end confdefs.h.  */
| #include <ac_nonexistent.h>
configure:7761: checking for ANSI C header files
configure:7781: gcc -c -g -O2  conftest.c >&5
configure:7781: $? = 0
configure:7854: gcc -o conftest -g -O2   conftest.c  >&5
configure:7854: $? = 0
configure:7854: ./conftest
configure:7854: $? = 0
configure:7865: result: yes
configure:7878: checking for sys/types.h
configure:7878: gcc -c -g -O2  conftest.c >&5
configure:7878: $? = 0
configure:7878: result: yes
configure:7878: checking for sys/stat.h
configure:7878: gcc -c -g -O2  conftest.c >&5
configure:7878: $? = 0
configure:7878: result: yes
configure:7878: checking for stdlib.h
configure:7878: gcc -c -g -O2  conftest.c >&5
configure:7878: $? = 0
configure:7878: result: yes
configure:7878: checking for string.h
configure:7878: gcc -c -g -O2  conftest.c >&5
configure:7878: $? = 0
configure:7878: result: yes
configure:7878: checking for memory.h
configure:7878: gcc -c -g -O2  conftest.c >&5
configure:7878: $? = 0
configure:7878: result: yes
configure:7878: checking for strings.h
configure:7878: gcc -c -g -O2  conftest.c >&5
configure:7878: $? = 0
configure:7878: result: yes
configure:7878: checking for inttypes.h
configure:7878: gcc -c -g -O2  conftest.c >&5
configure:7878: $? = 0
configure:7878: result: yes
configure:7878: checking for stdint.h
configure:7878: gcc -c -g -O2  conftest.c >&5
configure:7878: $? = 0
configure:7878: result: yes
configure:7878: checking for unistd.h
configure:7878: gcc -c -g -O2  conftest.c >&5
configure:7878: $? = 0
configure:7878: result: yes
configure:7892: checking for dlfcn.h
configure:7892: gcc -c -g -O2  conftest.c >&5
configure:7892: $? = 0
configure:7892: result: yes
configure:8060: checking for objdir
configure:8075: result: .libs
configure:8346: checking if gcc supports -fno-rtti -fno-exceptions
configure:8364: gcc -c -g -O2  -fno-rtti -fno-exceptions conftest.c >&5
cc1: warning: command line option '-fno-rtti' is valid for C++/ObjC++ but not for C [enabled by default]
cc1: warning: command line option '-fno-rtti' is valid for C++/ObjC++ but not for C [enabled by default]
configure:8368: $? = 0
configure:8381: result: no
configure:8691: checking for gcc option to produce PIC
configure:8698: result: -fPIC -DPIC
configure:8706: checking if gcc PIC flag -fPIC -DPIC works
configure:8724: gcc -c -g -O2  -fPIC -DPIC -DPIC conftest.c >&5
configure:8728: $? = 0
configure:8741: result: yes
configure:8770: checking if gcc static flag -static works
configure:8798: result: no
configure:8813: checking if gcc supports -c -o file.o
configure:8834: gcc -c -g -O2  -o out/conftest2.o conftest.c >&5
configure:8838: $? = 0
configure:8860: result: yes
configure:8868: checking if gcc supports -c -o file.o
configure:8915: result: yes
configure:8948: checking whether the gcc linker (/usr/bin/ld -m elf_x86_64) supports shared libraries
configure:10106: result: yes
configure:10143: checking whether -lc should be explicitly linked in
configure:10151: gcc -c -g -O2  conftest.c >&5
configure:10154: $? = 0
configure:10169: gcc -shared  -fPIC -DPIC conftest.o  -v -Wl,-soname -Wl,conftest -o conftest 2\>\&1 \| /bin/grep  -lc  \>/dev/null 2\>\&1
configure:10172: $? = 0
configure:10186: result: no
configure:10351: checking dynamic linker characteristics
configure:10865: gcc -o conftest -g -O2   -Wl,-rpath -Wl,/foo conftest.c  >&5
configure:10865: $? = 0
configure:11091: result: GNU/Linux ld.so
configure:11198: checking how to hardcode library paths into programs
configure:11223: result: immediate
configure:11763: checking whether stripping libraries is possible
configure:11768: result: yes
configure:11803: checking if libtool supports shared libraries
configure:11805: result: yes
configure:11808: checking whether to build shared libraries
configure:11829: result: yes
configure:11832: checking whether to build static libraries
configure:11836: result: yes
configure:11859: checking how to run the C++ preprocessor
configure:11886: g++ -E  conftest.cpp
configure:11886: $? = 0
configure:11900: g++ -E  conftest.cpp
conftest.cpp:23:28: fatal error: ac_nonexistent.h: No such file or directory
compilation terminated.
configure:11900: $? = 1
configure: failed program was:
| /* confdefs.h */
| #define PACKAGE_NAME "gander"
| #define PACKAGE_TARNAME "gander"
| #define PACKAGE_VERSION "0.0.4"
| #define PACKAGE_STRING "gander 0.0.4"
| #define PACKAGE_BUGREPORT "agander@gmail.com"
| #define PACKAGE_URL ""
| #define PACKAGE "gander"
| #define VERSION "0.0.4"
| #define STDC_HEADERS 1
| #define HAVE_SYS_TYPES_H 1
| #define HAVE_SYS_STAT_H 1
| #define HAVE_STDLIB_H 1
| #define HAVE_STRING_H 1
| #define HAVE_MEMORY_H 1
| #define HAVE_STRINGS_H 1
| #define HAVE_INTTYPES_H 1
| #define HAVE_STDINT_H 1
| #define HAVE_UNISTD_H 1
| #define HAVE_DLFCN_H 1
| #define LT_OBJDIR ".libs/"
| /* end confdefs.h.  */
| #include <ac_nonexistent.h>
configure:11925: result: g++ -E
configure:11945: g++ -E  conftest.cpp
configure:11945: $? = 0
configure:11959: g++ -E  conftest.cpp
conftest.cpp:23:28: fatal error: ac_nonexistent.h: No such file or directory
compilation terminated.
configure:11959: $? = 1
configure: failed program was:
| /* confdefs.h */
| #define PACKAGE_NAME "gander"
| #define PACKAGE_TARNAME "gander"
| #define PACKAGE_VERSION "0.0.4"
| #define PACKAGE_STRING "gander 0.0.4"
| #define PACKAGE_BUGREPORT "agander@gmail.com"
| #define PACKAGE_URL ""
| #define PACKAGE "gander"
| #define VERSION "0.0.4"
| #define STDC_HEADERS 1
| #define HAVE_SYS_TYPES_H 1
| #define HAVE_SYS_STAT_H 1
| #define HAVE_STDLIB_H 1
| #define HAVE_STRING_H 1
| #define HAVE_MEMORY_H 1
| #define HAVE_STRINGS_H 1
| #define HAVE_INTTYPES_H 1
| #define HAVE_STDINT_H 1
| #define HAVE_UNISTD_H 1
| #define HAVE_DLFCN_H 1
| #define LT_OBJDIR ".libs/"
| /* end confdefs.h.  */
| #include <ac_nonexistent.h>
configure:12129: checking for ld used by g++
configure:12196: result: /usr/bin/ld -m elf_x86_64
configure:12203: checking if the linker (/usr/bin/ld -m elf_x86_64) is GNU ld
configure:12218: result: yes
configure:12273: checking whether the g++ linker (/usr/bin/ld -m elf_x86_64) supports shared libraries
configure:13277: result: yes
configure:13312: g++ -c -g -O2  conftest.cpp >&5
configure:13315: $? = 0
configure:13835: checking for g++ option to produce PIC
configure:13842: result: -fPIC -DPIC
configure:13850: checking if g++ PIC flag -fPIC -DPIC works
configure:13868: g++ -c -g -O2  -fPIC -DPIC -DPIC conftest.cpp >&5
configure:13872: $? = 0
configure:13885: result: yes
configure:13908: checking if g++ static flag -static works
configure:13936: result: no
configure:13948: checking if g++ supports -c -o file.o
configure:13969: g++ -c -g -O2  -o out/conftest2.o conftest.cpp >&5
configure:13973: $? = 0
configure:13995: result: yes
configure:14000: checking if g++ supports -c -o file.o
configure:14047: result: yes
configure:14077: checking whether the g++ linker (/usr/bin/ld -m elf_x86_64) supports shared libraries
configure:14111: result: yes
configure:14254: checking dynamic linker characteristics
configure:14928: result: GNU/Linux ld.so
configure:14981: checking how to hardcode library paths into programs
configure:15006: result: immediate
configure:15066: checking whether make sets $(MAKE)
configure:15088: result: yes
configure:15111: checking for bash
configure:15141: result: /bin/sh
configure:15156: checking for python
configure:15174: found /usr/bin/python
configure:15186: result: /usr/bin/python
configure:15202: checking iostream usability
configure:15202: g++ -c -g -O2  conftest.cpp >&5
configure:15202: $? = 0
configure:15202: result: yes
configure:15202: checking iostream presence
configure:15202: g++ -E  conftest.cpp
configure:15202: $? = 0
configure:15202: result: yes
configure:15202: checking for iostream
configure:15202: result: yes
configure:15208: checking map usability
configure:15208: g++ -c -g -O2  conftest.cpp >&5
configure:15208: $? = 0
configure:15208: result: yes
configure:15208: checking map presence
configure:15208: g++ -E  conftest.cpp
configure:15208: $? = 0
configure:15208: result: yes
configure:15208: checking for map
configure:15208: result: yes
configure:15214: checking vector usability
configure:15214: g++ -c -g -O2  conftest.cpp >&5
configure:15214: $? = 0
configure:15214: result: yes
configure:15214: checking vector presence
configure:15214: g++ -E  conftest.cpp
configure:15214: $? = 0
configure:15214: result: yes
configure:15214: checking for vector
configure:15214: result: yes
configure:15220: checking algorithm usability
configure:15220: g++ -c -g -O2  conftest.cpp >&5
configure:15220: $? = 0
configure:15220: result: yes
configure:15220: checking algorithm presence
configure:15220: g++ -E  conftest.cpp
configure:15220: $? = 0
configure:15220: result: yes
configure:15220: checking for algorithm
configure:15220: result: yes
configure:15226: checking string usability
configure:15226: g++ -c -g -O2  conftest.cpp >&5
configure:15226: $? = 0
configure:15226: result: yes
configure:15226: checking string presence
configure:15226: g++ -E  conftest.cpp
configure:15226: $? = 0
configure:15226: result: yes
configure:15226: checking for string
configure:15226: result: yes
configure:15286: checking for pkg-config
configure:15304: found /usr/bin/pkg-config
configure:15316: result: /usr/bin/pkg-config
configure:15341: checking pkg-config is at least version 0.9.0
configure:15344: result: yes
configure:15354: checking for GLIBMM
configure:15361: $PKG_CONFIG --exists --print-errors "glibmm-2.4 >= 2.30.0 gthread-2.0 >= 2.30.0"
configure:15364: $? = 0
configure:15377: $PKG_CONFIG --exists --print-errors "glibmm-2.4 >= 2.30.0 gthread-2.0 >= 2.30.0"
configure:15380: $? = 0
configure:15439: result: yes
configure:15473: checking for stdbool.h that conforms to C99
configure:15540: g++ -c -g -O2  conftest.cpp >&5
configure:15540: $? = 0
configure:15547: result: yes
configure:15549: checking for _Bool
configure:15549: g++ -c -g -O2  conftest.cpp >&5
conftest.cpp: In function 'int main()':
conftest.cpp:59:13: error: '_Bool' was not declared in this scope
configure:15549: $? = 1
configure: failed program was:
| /* confdefs.h */
| #define PACKAGE_NAME "gander"
| #define PACKAGE_TARNAME "gander"
| #define PACKAGE_VERSION "0.0.4"
| #define PACKAGE_STRING "gander 0.0.4"
| #define PACKAGE_BUGREPORT "agander@gmail.com"
| #define PACKAGE_URL ""
| #define PACKAGE "gander"
| #define VERSION "0.0.4"
| #define STDC_HEADERS 1
| #define HAVE_SYS_TYPES_H 1
| #define HAVE_SYS_STAT_H 1
| #define HAVE_STDLIB_H 1
| #define HAVE_STRING_H 1
| #define HAVE_MEMORY_H 1
| #define HAVE_STRINGS_H 1
| #define HAVE_INTTYPES_H 1
| #define HAVE_STDINT_H 1
| #define HAVE_UNISTD_H 1
| #define HAVE_DLFCN_H 1
| #define LT_OBJDIR ".libs/"
| /* end confdefs.h.  */
| #include <stdio.h>
| #ifdef HAVE_SYS_TYPES_H
| # include <sys/types.h>
| #endif
| #ifdef HAVE_SYS_STAT_H
| # include <sys/stat.h>
| #endif
| #ifdef STDC_HEADERS
| # include <stdlib.h>
| # include <stddef.h>
| #else
| # ifdef HAVE_STDLIB_H
| #  include <stdlib.h>
| # endif
| #endif
| #ifdef HAVE_STRING_H
| # if !defined STDC_HEADERS && defined HAVE_MEMORY_H
| #  include <memory.h>
| # endif
| # include <string.h>
| #endif
| #ifdef HAVE_STRINGS_H
| # include <strings.h>
| #endif
| #ifdef HAVE_INTTYPES_H
| # include <inttypes.h>
| #endif
| #ifdef HAVE_STDINT_H
| # include <stdint.h>
| #endif
| #ifdef HAVE_UNISTD_H
| # include <unistd.h>
| #endif
| int
| main ()
| {
| if (sizeof (_Bool))
| 	 return 0;
|   ;
|   return 0;
| }
configure:15549: result: no
configure:15565: checking for an ANSI C-conforming const
configure:15630: g++ -c -g -O2  conftest.cpp >&5
configure:15630: $? = 0
configure:15637: result: yes
configure:15648: checking whether to enable debugging
configure:15669: checking whether C++ compiler accepts -std=c++0x
configure:15688: g++ -c -g -O2  -std=c++0x  conftest.cpp >&5
configure:15688: $? = 0
configure:15697: result: yes
configure:15707: checking whether C++ compiler accepts -std=gnu++0x
configure:15726: g++ -c -g -O2  -std=gnu++0x  conftest.cpp >&5
configure:15726: $? = 0
configure:15735: result: yes
configure:15751: result: yes
configure:15811: checking for boostlib >= 1.47
configure:15880: g++ -c -Wall -Wextra -gdwarf-2 -O0 -m64 -mtune=generic  -I/home/gander/include conftest.cpp >&5
configure:15880: $? = 0
configure:15882: result: yes
configure:16062: checking whether the Boost::Program_Options library is available
configure:16086: g++ -c -Wall -Wextra -gdwarf-2 -O0 -m64 -mtune=generic  -I/home/gander/include conftest.cpp >&5
In file included from /home/gander/include/boost/program_options/options_description.hpp:12:0,
                 from /home/gander/include/boost/program_options.hpp:15,
                 from conftest.cpp:26:
/home/gander/include/boost/program_options/errors.hpp:253:22: warning: unused parameter 'option_name' [-Wunused-parameter]
configure:16086: $? = 0
configure:16100: result: yes
configure:16111: checking for exit in -lboost_program_options
configure:16136: g++ -o conftest -Wall -Wextra -gdwarf-2 -O0 -m64 -mtune=generic  -I/home/gander/include  -L/home/gander/lib64 conftest.cpp -lboost_program_options   >&5
configure:16136: $? = 0
configure:16146: result: yes
configure:16439: creating ./config.status

## ---------------------- ##
## Running config.status. ##
## ---------------------- ##

This file was extended by gander config.status 0.0.4, which was
generated by GNU Autoconf 2.68.  Invocation command line was

  CONFIG_FILES    = 
  CONFIG_HEADERS  = 
  CONFIG_LINKS    = 
  CONFIG_COMMANDS = 
  $ ./config.status 

on agander.localdomain

config.status:1187: creating buildCtags
config.status:1187: creating create_autoconf_skeleton
config.status:1187: creating need_to_run_autoreconf
config.status:1187: creating Makefile
config.status:1187: creating testsuite/Makefile
config.status:1187: creating gander.spec
config.status:1187: creating include/Makefile
config.status:1187: creating config.h
config.status:1368: config.h is unchanged
config.status:1416: executing depfiles commands
config.status:1416: executing libtool commands

## ---------------- ##
## Cache variables. ##
## ---------------- ##

ac_cv_build=x86_64-unknown-linux-gnu
ac_cv_c_compiler_gnu=yes
ac_cv_c_const=yes
ac_cv_cxx_compiler_gnu=yes
ac_cv_env_CCC_set=
ac_cv_env_CCC_value=
ac_cv_env_CC_set=
ac_cv_env_CC_value=
ac_cv_env_CFLAGS_set=
ac_cv_env_CFLAGS_value=
ac_cv_env_CPPFLAGS_set=
ac_cv_env_CPPFLAGS_value=
ac_cv_env_CPP_set=
ac_cv_env_CPP_value=
ac_cv_env_CXXCPP_set=
ac_cv_env_CXXCPP_value=
ac_cv_env_CXXFLAGS_set=
ac_cv_env_CXXFLAGS_value=
ac_cv_env_CXX_set=
ac_cv_env_CXX_value=
ac_cv_env_GLIBMM_CFLAGS_set=
ac_cv_env_GLIBMM_CFLAGS_value=
ac_cv_env_GLIBMM_LIBS_set=
ac_cv_env_GLIBMM_LIBS_value=
ac_cv_env_LDFLAGS_set=
ac_cv_env_LDFLAGS_value=
ac_cv_env_LIBS_set=
ac_cv_env_LIBS_value=
ac_cv_env_PKG_CONFIG_LIBDIR_set=
ac_cv_env_PKG_CONFIG_LIBDIR_value=
ac_cv_env_PKG_CONFIG_PATH_set=set
ac_cv_env_PKG_CONFIG_PATH_value=/home/gander/lib/pkgconfig:/usr/lib/pkgconfig:/usr/local/lib/pkgconfig
ac_cv_env_PKG_CONFIG_set=
ac_cv_env_PKG_CONFIG_value=
ac_cv_env_build_alias_set=
ac_cv_env_build_alias_value=
ac_cv_env_host_alias_set=
ac_cv_env_host_alias_value=
ac_cv_env_target_alias_set=
ac_cv_env_target_alias_value=
ac_cv_header_algorithm=yes
ac_cv_header_dlfcn_h=yes
ac_cv_header_inttypes_h=yes
ac_cv_header_iostream=yes
ac_cv_header_map=yes
ac_cv_header_memory_h=yes
ac_cv_header_stdbool_h=yes
ac_cv_header_stdc=yes
ac_cv_header_stdint_h=yes
ac_cv_header_stdlib_h=yes
ac_cv_header_string=yes
ac_cv_header_string_h=yes
ac_cv_header_strings_h=yes
ac_cv_header_sys_stat_h=yes
ac_cv_header_sys_types_h=yes
ac_cv_header_unistd_h=yes
ac_cv_header_vector=yes
ac_cv_host=x86_64-unknown-linux-gnu
ac_cv_lib_boost_program_options___exit=yes
ac_cv_objext=o
ac_cv_path_BASH=/bin/sh
ac_cv_path_EGREP='/bin/grep -E'
ac_cv_path_FGREP='/bin/grep -F'
ac_cv_path_GREP=/bin/grep
ac_cv_path_PYTHON=/usr/bin/python
ac_cv_path_SED=/bin/sed
ac_cv_path_ac_pt_PKG_CONFIG=/usr/bin/pkg-config
ac_cv_path_install='/usr/bin/install -c'
ac_cv_path_mkdir=/bin/mkdir
ac_cv_prog_AWK=gawk
ac_cv_prog_CPP='gcc -E'
ac_cv_prog_CXXCPP='g++ -E'
ac_cv_prog_ac_ct_AR=ar
ac_cv_prog_ac_ct_CC=gcc
ac_cv_prog_ac_ct_CXX=g++
ac_cv_prog_ac_ct_OBJDUMP=objdump
ac_cv_prog_ac_ct_RANLIB=ranlib
ac_cv_prog_ac_ct_STRIP=strip
ac_cv_prog_cc_c89=
ac_cv_prog_cc_g=yes
ac_cv_prog_cxx_g=yes
ac_cv_prog_make_make_set=yes
ac_cv_type__Bool=no
am_cv_CC_dependencies_compiler_type=gcc3
am_cv_CXX_dependencies_compiler_type=gcc3
ax_cv_boost_program_options=yes
ax_cv_check_cxxflags___std_cpp0x=yes
ax_cv_check_cxxflags___std_gnupp0x=yes
lt_cv_ar_at_file=@
lt_cv_archive_cmds_need_lc=no
lt_cv_deplibs_check_method=pass_all
lt_cv_file_magic_cmd='$MAGIC_CMD'
lt_cv_file_magic_test_file=
lt_cv_ld_reload_flag=-r
lt_cv_nm_interface='BSD nm'
lt_cv_objdir=.libs
lt_cv_path_LD=/usr/bin/ld
lt_cv_path_LDCXX='/usr/bin/ld -m elf_x86_64'
lt_cv_path_NM='/usr/bin/nm -B'
lt_cv_path_mainfest_tool=no
lt_cv_prog_compiler_c_o=yes
lt_cv_prog_compiler_c_o_CXX=yes
lt_cv_prog_compiler_pic='-fPIC -DPIC'
lt_cv_prog_compiler_pic_CXX='-fPIC -DPIC'
lt_cv_prog_compiler_pic_works=yes
lt_cv_prog_compiler_pic_works_CXX=yes
lt_cv_prog_compiler_rtti_exceptions=no
lt_cv_prog_compiler_static_works=no
lt_cv_prog_compiler_static_works_CXX=no
lt_cv_prog_gnu_ld=yes
lt_cv_prog_gnu_ldcxx=yes
lt_cv_sharedlib_from_linklib_cmd='printf %s\n'
lt_cv_shlibpath_overrides_runpath=no
lt_cv_sys_global_symbol_pipe='sed -n -e '\''s/^.*[	 ]\([ABCDGIRSTW][ABCDGIRSTW]*\)[	 ][	 ]*\([_A-Za-z][_A-Za-z0-9]*\)$/\1 \2 \2/p'\'' | sed '\''/ __gnu_lto/d'\'''
lt_cv_sys_global_symbol_to_c_name_address='sed -n -e '\''s/^: \([^ ]*\)[ ]*$/  {\"\1\", (void *) 0},/p'\'' -e '\''s/^[ABCDGIRSTW]* \([^ ]*\) \([^ ]*\)$/  {"\2", (void *) \&\2},/p'\'''
lt_cv_sys_global_symbol_to_c_name_address_lib_prefix='sed -n -e '\''s/^: \([^ ]*\)[ ]*$/  {\"\1\", (void *) 0},/p'\'' -e '\''s/^[ABCDGIRSTW]* \([^ ]*\) \(lib[^ ]*\)$/  {"\2", (void *) \&\2},/p'\'' -e '\''s/^[ABCDGIRSTW]* \([^ ]*\) \([^ ]*\)$/  {"lib\2", (void *) \&\2},/p'\'''
lt_cv_sys_global_symbol_to_cdecl='sed -n -e '\''s/^T .* \(.*\)$/extern int \1();/p'\'' -e '\''s/^[ABCDGIRSTW]* .* \(.*\)$/extern char \1;/p'\'''
lt_cv_sys_max_cmd_len=1572864
lt_cv_to_host_file_cmd=func_convert_file_noop
lt_cv_to_tool_file_cmd=func_convert_file_noop
pkg_cv_GLIBMM_CFLAGS='-pthread -I/usr/include/glibmm-2.4 -I/usr/lib64/glibmm-2.4/include -I/usr/include/sigc++-2.0 -I/usr/lib64/sigc++-2.0/include -I/usr/include/glib-2.0 -I/usr/lib64/glib-2.0/include  '
pkg_cv_GLIBMM_LIBS='-pthread -lglibmm-2.4 -lgobject-2.0 -lsigc-2.0 -lgthread-2.0 -lrt -lglib-2.0  '

## ----------------- ##
## Output variables. ##
## ----------------- ##

ACLOCAL='${SHELL} /home/gander/gito/gander.git/missing --run aclocal-1.11'
AMDEPBACKSLASH='\'
AMDEP_FALSE='#'
AMDEP_TRUE=''
AMTAR='${SHELL} /home/gander/gito/gander.git/missing --run tar'
AR='ar'
AUTOCONF='${SHELL} /home/gander/gito/gander.git/missing --run autoconf'
AUTOHEADER='${SHELL} /home/gander/gito/gander.git/missing --run autoheader'
AUTOMAKE='${SHELL} /home/gander/gito/gander.git/missing --run automake-1.11'
AWK='gawk'
BASH='/bin/sh'
BOOST_CPPFLAGS='-I/home/gander/include'
BOOST_LDFLAGS='-L/home/gander/lib64'
BOOST_PATH='/home/gander'
BOOST_PROGRAM_OPTIONS_LIB='-lboost_program_options'
CC='gcc'
CCDEPMODE='depmode=gcc3'
CFLAGS='-g -O2'
CPP='gcc -E'
CPPFLAGS=''
CXX='g++'
CXXCPP='g++ -E'
CXXDEPMODE='depmode=gcc3'
CXXFLAGS='-Wall -Wextra -gdwarf-2 -O0 -m64 -mtune=generic'
CYGPATH_W='echo'
DEBUG_CFLAGS=''
DEBUG_LIBS=''
DEFS='-DHAVE_CONFIG_H'
DEJAGNU='$(top_srcdir)/testsuite/site.exp'
DEJATOOL='length'
DEPDIR='.deps'
DISTCHECK_CONFIGURE_FLAGS=' '\''--with-boost=/home/gander'\'' '\''--enable-debug=yes'\'' '\''PKG_CONFIG_PATH=/home/gander/lib/pkgconfig:/usr/lib/pkgconfig:/usr/local/lib/pkgconfig'\'''
DLLTOOL='false'
DSYMUTIL=''
DUMPBIN=''
ECHO_C=''
ECHO_N='-n'
ECHO_T=''
EGREP='/bin/grep -E'
EXEEXT=''
FGREP='/bin/grep -F'
GLIBMM_CFLAGS='-pthread -I/usr/include/glibmm-2.4 -I/usr/lib64/glibmm-2.4/include -I/usr/include/sigc++-2.0 -I/usr/lib64/sigc++-2.0/include -I/usr/include/glib-2.0 -I/usr/lib64/glib-2.0/include  '
GLIBMM_LIBS='-pthread -lglibmm-2.4 -lgobject-2.0 -lsigc-2.0 -lgthread-2.0 -lrt -lglib-2.0  '
GREP='/bin/grep'
INSTALL_DATA='${INSTALL} -m 644'
INSTALL_PROGRAM='${INSTALL}'
INSTALL_SCRIPT='${INSTALL}'
INSTALL_STRIP_PROGRAM='$(install_sh) -c -s'
LD='/usr/bin/ld -m elf_x86_64'
LDFLAGS=''
LIBOBJS=''
LIBS=''
LIBTOOL='$(SHELL) $(top_builddir)/libtool'
LIPO=''
LN_S='ln -s'
LTLIBOBJS=''
MAINT='#'
MAINTAINER_MODE_FALSE=''
MAINTAINER_MODE_TRUE='#'
MAKEINFO='${SHELL} /home/gander/gito/gander.git/missing --run makeinfo'
MANIFEST_TOOL=':'
MKDIR_P='/bin/mkdir -p'
NM='/usr/bin/nm -B'
NMEDIT=''
OBJDUMP='objdump'
OBJEXT='o'
OTOOL64=''
OTOOL=''
PACKAGE='gander'
PACKAGE_BUGREPORT='agander@gmail.com'
PACKAGE_NAME='gander'
PACKAGE_STRING='gander 0.0.4'
PACKAGE_TARNAME='gander'
PACKAGE_URL=''
PACKAGE_VERSION='0.0.4'
PATH_SEPARATOR=':'
PKG_CONFIG='/usr/bin/pkg-config'
PKG_CONFIG_LIBDIR=''
PKG_CONFIG_PATH='/home/gander/lib/pkgconfig:/usr/lib/pkgconfig:/usr/local/lib/pkgconfig'
PYTHON='/usr/bin/python'
RANLIB='ranlib'
RELEASE='1'
RELEASE_NUMBER='1'
RPM_BUILD_DIR='/home/gander/RPM/topdir/BUILD'
RPM_INSTALL_PREFIX0=''
RPM_SOURCE_DIR='/home/gander/RPM/topdir/SOURCES'
SED='/bin/sed'
SET_MAKE=''
SHELL='/bin/sh'
STDCXX_0X_CFLAGS='-std=c++0x  -std=gnu++0x'
STRIP='strip'
VERSION='0.0.4'
ac_ct_AR='ar'
ac_ct_CC='gcc'
ac_ct_CXX='g++'
ac_ct_DUMPBIN=''
am__EXEEXT_FALSE=''
am__EXEEXT_TRUE='#'
am__fastdepCC_FALSE='#'
am__fastdepCC_TRUE=''
am__fastdepCXX_FALSE='#'
am__fastdepCXX_TRUE=''
am__include='include'
am__isrc=''
am__leading_dot='.'
am__quote=''
am__tar='${AMTAR} chof - "$$tardir"'
am__untar='${AMTAR} xf -'
bindir='${exec_prefix}/bin'
build='x86_64-unknown-linux-gnu'
build_alias=''
build_cpu='x86_64'
build_os='linux-gnu'
build_vendor='unknown'
datadir='${datarootdir}'
datarootdir='${prefix}/share'
docdir='${datarootdir}/doc/${PACKAGE_TARNAME}'
dvidir='${docdir}'
exec_prefix='${prefix}'
host='x86_64-unknown-linux-gnu'
host_alias=''
host_cpu='x86_64'
host_os='linux-gnu'
host_vendor='unknown'
htmldir='${docdir}'
includedir='${prefix}/include'
infodir='${datarootdir}/info'
install_sh='${SHELL} /home/gander/gito/gander.git/install-sh'
libdir='${exec_prefix}/lib'
libexecdir='${exec_prefix}/libexec'
localedir='${datarootdir}/locale'
localstatedir='${prefix}/var'
mandir='${datarootdir}/man'
mkdir_p='/bin/mkdir -p'
oldincludedir='/usr/include'
pdfdir='${docdir}'
prefix='/usr/local'
program_transform_name='s,x,x,'
psdir='${docdir}'
sbindir='${exec_prefix}/sbin'
sharedstatedir='${prefix}/com'
sysconfdir='${prefix}/etc'
target_alias=''

## ----------- ##
## confdefs.h. ##
## ----------- ##

/* confdefs.h */
#define PACKAGE_NAME "gander"
#define PACKAGE_TARNAME "gander"
#define PACKAGE_VERSION "0.0.4"
#define PACKAGE_STRING "gander 0.0.4"
#define PACKAGE_BUGREPORT "agander@gmail.com"
#define PACKAGE_URL ""
#define PACKAGE "gander"
#define VERSION "0.0.4"
#define STDC_HEADERS 1
#define HAVE_SYS_TYPES_H 1
#define HAVE_SYS_STAT_H 1
#define HAVE_STDLIB_H 1
#define HAVE_STRING_H 1
#define HAVE_MEMORY_H 1
#define HAVE_STRINGS_H 1
#define HAVE_INTTYPES_H 1
#define HAVE_STDINT_H 1
#define HAVE_UNISTD_H 1
#define HAVE_DLFCN_H 1
#define LT_OBJDIR ".libs/"
#define HAVE_STDBOOL_H 1
#define DEBUG 1
#define HAVE_BOOST /**/
#define HAVE_BOOST_PROGRAM_OPTIONS /**/

configure: exit 0

## ---------------------- ##
## Running config.status. ##
## ---------------------- ##

This file was extended by gander config.status 0.0.4, which was
generated by GNU Autoconf 2.68.  Invocation command line was

  CONFIG_FILES    = 
  CONFIG_HEADERS  = 
  CONFIG_LINKS    = 
  CONFIG_COMMANDS = 
  $ ./config.status buildCtags

on agander.localdomain

config.status:1187: creating buildCtags

## ---------------------- ##
## Running config.status. ##
## ---------------------- ##

This file was extended by gander config.status 0.0.4, which was
generated by GNU Autoconf 2.68.  Invocation command line was

  CONFIG_FILES    = 
  CONFIG_HEADERS  = 
  CONFIG_LINKS    = 
  CONFIG_COMMANDS = 
  $ ./config.status create_autoconf_skeleton

on agander.localdomain

config.status:1187: creating create_autoconf_skeleton

## ---------------------- ##
## Running config.status. ##
## ---------------------- ##

This file was extended by gander config.status 0.0.4, which was
generated by GNU Autoconf 2.68.  Invocation command line was

  CONFIG_FILES    = 
  CONFIG_HEADERS  = 
  CONFIG_LINKS    = 
  CONFIG_COMMANDS = 
  $ ./config.status need_to_run_autoreconf

on agander.localdomain

config.status:1187: creating need_to_run_autoreconf

## ---------------------- ##
## Running config.status. ##
## ---------------------- ##

This file was extended by gander config.status 0.0.4, which was
generated by GNU Autoconf 2.68.  Invocation command line was

  CONFIG_FILES    = 
  CONFIG_HEADERS  = 
  CONFIG_LINKS    = 
  CONFIG_COMMANDS = 
  $ ./config.status buildCtags

on agander.localdomain

config.status:1187: creating buildCtags

## ---------------------- ##
## Running config.status. ##
## ---------------------- ##

This file was extended by gander config.status 0.0.4, which was
generated by GNU Autoconf 2.68.  Invocation command line was

  CONFIG_FILES    = 
  CONFIG_HEADERS  = 
  CONFIG_LINKS    = 
  CONFIG_COMMANDS = 
  $ ./config.status create_autoconf_skeleton

on agander.localdomain

config.status:1187: creating create_autoconf_skeleton

## ---------------------- ##
## Running config.status. ##
## ---------------------- ##

This file was extended by gander config.status 0.0.4, which was
generated by GNU Autoconf 2.68.  Invocation command line was

  CONFIG_FILES    = 
  CONFIG_HEADERS  = 
  CONFIG_LINKS    = 
  CONFIG_COMMANDS = 
  $ ./config.status need_to_run_autoreconf

on agander.localdomain

config.status:1187: creating need_to_run_autoreconf
